# JRE version: Java(TM) SE Runtime Environment (8.0_201-b09) (build 1.8.0_201-b09)
# Java VM: Java HotSpot(TM) 64-Bit Server VM (25.201-b09 mixed mode bsd-amd64 compressed oops)
Heap:
 PSYoungGen      total 602624K, used 592358K [0x0000000795580000, 0x00000007ba900000, 0x00000007c0000000)
  eden space 596480K, 99% used [0x0000000795580000,0x00000007b9701f38,0x00000007b9c00000)
  from space 6144K, 16% used [0x00000007ba300000,0x00000007ba3f7c10,0x00000007ba900000)
  to   space 6656K, 0% used [0x00000007b9c00000,0x00000007b9c00000,0x00000007ba280000)
 ParOldGen       total 87552K, used 16539K [0x0000000740000000, 0x0000000745580000, 0x0000000795580000)
  object space 87552K, 18% used [0x0000000740000000,0x0000000741026ef0,0x0000000745580000)
 Metaspace       used 15672K, capacity 16360K, committed 16640K, reserved 1062912K
  class space    used 2051K, capacity 2232K, committed 2304K, reserved 1048576K
GC Heap History (10 events):
Event: 10.956 GC heap before
{Heap before GC invocations=14 (full 0):
 PSYoungGen      total 174592K, used 166880K [0x0000000795580000, 0x00000007a6980000, 0x00000007c0000000)
  eden space 166400K, 100% used [0x0000000795580000,0x000000079f800000,0x000000079f800000)
  from space 8192K, 5% used [0x000000079f800000,0x000000079f878000,0x00000007a0000000)
  to   space 8192K, 0% used [0x00000007a6180000,0x00000007a6180000,0x00000007a6980000)
 ParOldGen       total 87552K, used 15900K [0x0000000740000000, 0x0000000745580000, 0x0000000795580000)
  object space 87552K, 18% used [0x0000000740000000,0x0000000740f87050,0x0000000745580000)
 Metaspace       used 14500K, capacity 15112K, committed 15360K, reserved 1062912K
  class space    used 1858K, capacity 2038K, committed 2048K, reserved 1048576K
Event: 10.957 GC heap after
Heap after GC invocations=14 (full 0):
 PSYoungGen      total 274432K, used 256K [0x0000000795580000, 0x00000007a6980000, 0x00000007c0000000)
  eden space 266240K, 0% used [0x0000000795580000,0x0000000795580000,0x00000007a5980000)
  from space 8192K, 3% used [0x00000007a6180000,0x00000007a61c0000,0x00000007a6980000)
  to   space 8192K, 0% used [0x00000007a5980000,0x00000007a5980000,0x00000007a6180000)
 ParOldGen       total 87552K, used 16004K [0x0000000740000000, 0x0000000745580000, 0x0000000795580000)
  object space 87552K, 18% used [0x0000000740000000,0x0000000740fa1050,0x0000000745580000)
 Metaspace       used 14500K, capacity 15112K, committed 15360K, reserved 1062912K
  class space    used 1858K, capacity 2038K, committed 2048K, reserved 1048576K
}
Event: 12.997 GC heap before
{Heap before GC invocations=15 (full 0):
 PSYoungGen      total 274432K, used 266496K [0x0000000795580000, 0x00000007a6980000, 0x00000007c0000000)
  eden space 266240K, 100% used [0x0000000795580000,0x00000007a5980000,0x00000007a5980000)
  from space 8192K, 3% used [0x00000007a6180000,0x00000007a61c0000,0x00000007a6980000)
  to   space 8192K, 0% used [0x00000007a5980000,0x00000007a5980000,0x00000007a6180000)
 ParOldGen       total 87552K, used 16004K [0x0000000740000000, 0x0000000745580000, 0x0000000795580000)
  object space 87552K, 18% used [0x0000000740000000,0x0000000740fa1050,0x0000000745580000)
 Metaspace       used 14507K, capacity 15112K, committed 15360K, reserved 1062912K
  class space    used 1859K, capacity 2038K, committed 2048K, reserved 1048576K
Event: 13.007 GC heap after
Heap after GC invocations=15 (full 0):
 PSYoungGen      total 274432K, used 1312K [0x0000000795580000, 0x00000007b0480000, 0x00000007c0000000)
  eden space 266240K, 0% used [0x0000000795580000,0x0000000795580000,0x00000007a5980000)
  from space 8192K, 16% used [0x00000007a5980000,0x00000007a5ac8000,0x00000007a6180000)
  to   space 7680K, 0% used [0x00000007afd00000,0x00000007afd00000,0x00000007b0480000)
 ParOldGen       total 87552K, used 16062K [0x0000000740000000, 0x0000000745580000, 0x0000000795580000)
  object space 87552K, 18% used [0x0000000740000000,0x0000000740faf930,0x0000000745580000)
 Metaspace       used 14507K, capacity 15112K, committed 15360K, reserved 1062912K
  class space    used 1859K, capacity 2038K, committed 2048K, reserved 1048576K
}
Event: 14.178 GC heap before
{Heap before GC invocations=16 (full 0):
 PSYoungGen      total 274432K, used 267552K [0x0000000795580000, 0x00000007b0480000, 0x00000007c0000000)
  eden space 266240K, 100% used [0x0000000795580000,0x00000007a5980000,0x00000007a5980000)
  from space 8192K, 16% used [0x00000007a5980000,0x00000007a5ac8000,0x00000007a6180000)
  to   space 7680K, 0% used [0x00000007afd00000,0x00000007afd00000,0x00000007b0480000)
 ParOldGen       total 87552K, used 16062K [0x0000000740000000, 0x0000000745580000, 0x0000000795580000)
  object space 87552K, 18% used [0x0000000740000000,0x0000000740fafaa8,0x0000000745580000)
 Metaspace       used 14518K, capacity 15112K, committed 15360K, reserved 1062912K
  class space    used 1859K, capacity 2038K, committed 2048K, reserved 1048576K
Event: 14.188 GC heap after
Heap after GC invocations=16 (full 0):
 PSYoungGen      total 432640K, used 855K [0x0000000795580000, 0x00000007b0380000, 0x00000007c0000000)
  eden space 425984K, 0% used [0x0000000795580000,0x0000000795580000,0x00000007af580000)
  from space 6656K, 12% used [0x00000007afd00000,0x00000007afdd5c20,0x00000007b0380000)
  to   space 7168K, 0% used [0x00000007af580000,0x00000007af580000,0x00000007afc80000)
 ParOldGen       total 87552K, used 16297K [0x0000000740000000, 0x0000000745580000, 0x0000000795580000)
  object space 87552K, 18% used [0x0000000740000000,0x0000000740fea518,0x0000000745580000)
 Metaspace       used 14518K, capacity 15112K, committed 15360K, reserved 1062912K
  class space    used 1859K, capacity 2038K, committed 2048K, reserved 1048576K
}
Event: 14.853 GC heap before
{Heap before GC invocations=17 (full 0):
 PSYoungGen      total 432640K, used 426839K [0x0000000795580000, 0x00000007b0380000, 0x00000007c0000000)
  eden space 425984K, 100% used [0x0000000795580000,0x00000007af580000,0x00000007af580000)
  from space 6656K, 12% used [0x00000007afd00000,0x00000007afdd5c20,0x00000007b0380000)
  to   space 7168K, 0% used [0x00000007af580000,0x00000007af580000,0x00000007afc80000)
 ParOldGen       total 87552K, used 16302K [0x0000000740000000, 0x0000000745580000, 0x0000000795580000)
  object space 87552K, 18% used [0x0000000740000000,0x0000000740feba50,0x0000000745580000)
 Metaspace       used 14518K, capacity 15112K, committed 15360K, reserved 1062912K
  class space    used 1859K, capacity 2038K, committed 2048K, reserved 1048576K
Event: 14.857 GC heap after
Heap after GC invocations=17 (full 0):
 PSYoungGen      total 433152K, used 544K [0x0000000795580000, 0x00000007baa00000, 0x00000007c0000000)
  eden space 425984K, 0% used [0x0000000795580000,0x0000000795580000,0x00000007af580000)
  from space 7168K, 7% used [0x00000007af580000,0x00000007af608000,0x00000007afc80000)
  to   space 7168K, 0% used [0x00000007ba300000,0x00000007ba300000,0x00000007baa00000)
 ParOldGen       total 87552K, used 16454K [0x0000000740000000, 0x0000000745580000, 0x0000000795580000)
  object space 87552K, 18% used [0x0000000740000000,0x0000000741011a60,0x0000000745580000)
 Metaspace       used 14518K, capacity 15112K, committed 15360K, reserved 1062912K
  class space    used 1859K, capacity 2038K, committed 2048K, reserved 1048576K
}
Event: 16.297 GC heap before
{Heap before GC invocations=18 (full 0):
 PSYoungGen      total 433152K, used 426528K [0x0000000795580000, 0x00000007baa00000, 0x00000007c0000000)
  eden space 425984K, 100% used [0x0000000795580000,0x00000007af580000,0x00000007af580000)
  from space 7168K, 7% used [0x00000007af580000,0x00000007af608000,0x00000007afc80000)
  to   space 7168K, 0% used [0x00000007ba300000,0x00000007ba300000,0x00000007baa00000)
 ParOldGen       total 87552K, used 16459K [0x0000000740000000, 0x0000000745580000, 0x0000000795580000)
  object space 87552K, 18% used [0x0000000740000000,0x0000000741012ef0,0x0000000745580000)
 Metaspace       used 14538K, capacity 15112K, committed 15360K, reserved 1062912K
  class space    used 1859K, capacity 2038K, committed 2048K, reserved 1048576K
Event: 16.302 GC heap after
Heap after GC invocations=18 (full 0):
 PSYoungGen      total 602624K, used 991K [0x0000000795580000, 0x00000007ba900000, 0x00000007c0000000)
  eden space 596480K, 0% used [0x0000000795580000,0x0000000795580000,0x00000007b9c00000)
  from space 6144K, 16% used [0x00000007ba300000,0x00000007ba3f7c10,0x00000007ba900000)
  to   space 6656K, 0% used [0x00000007b9c00000,0x00000007b9c00000,0x00000007ba280000)
 ParOldGen       total 87552K, used 16539K [0x0000000740000000, 0x0000000745580000, 0x0000000795580000)
  object space 87552K, 18% used [0x0000000740000000,0x0000000741026ef0,0x0000000745580000)
 Metaspace       used 14538K, capacity 15112K, committed 15360K, reserved 1062912K
  class space    used 1859K, capacity 2038K, committed 2048K, reserved 1048576K
}

