# JRE version: Java(TM) SE Runtime Environment (8.0_201-b09) (build 1.8.0_201-b09)
# Java VM: Java HotSpot(TM) 64-Bit Server VM (25.201-b09 mixed mode bsd-amd64 compressed oops)
Heap:
 PSYoungGen      total 693760K, used 654230K [0x0000000795580000, 0x00000007bff00000, 0x00000007c0000000)
  eden space 690688K, 94% used [0x0000000795580000,0x00000007bd41d940,0x00000007bf800000)
  from space 3072K, 9% used [0x00000007bfc00000,0x00000007bfc48000,0x00000007bff00000)
  to   space 3584K, 0% used [0x00000007bf800000,0x00000007bf800000,0x00000007bfb80000)
 ParOldGen       total 87552K, used 29821K [0x0000000740000000, 0x0000000745580000, 0x0000000795580000)
  object space 87552K, 34% used [0x0000000740000000,0x0000000741d1f720,0x0000000745580000)
 Metaspace       used 16187K, capacity 16962K, committed 17280K, reserved 1064960K
  class space    used 2104K, capacity 2319K, committed 2432K, reserved 1048576K
GC Heap History (10 events):
Event: 23.101 GC heap before
{Heap before GC invocations=40 (full 0):
 PSYoungGen      total 692736K, used 687968K [0x0000000795580000, 0x00000007c0000000, 0x00000007c0000000)
  eden space 687616K, 100% used [0x0000000795580000,0x00000007bf500000,0x00000007bf500000)
  from space 5120K, 6% used [0x00000007bf500000,0x00000007bf558000,0x00000007bfa00000)
  to   space 5120K, 0% used [0x00000007bfb00000,0x00000007bfb00000,0x00000007c0000000)
 ParOldGen       total 87552K, used 29454K [0x0000000740000000, 0x0000000745580000, 0x0000000795580000)
  object space 87552K, 33% used [0x0000000740000000,0x0000000741cc3820,0x0000000745580000)
 Metaspace       used 16126K, capacity 16886K, committed 17024K, reserved 1064960K
  class space    used 2101K, capacity 2319K, committed 2432K, reserved 1048576K
Event: 23.102 GC heap after
Heap after GC invocations=40 (full 0):
 PSYoungGen      total 692736K, used 184K [0x0000000795580000, 0x00000007bff00000, 0x00000007c0000000)
  eden space 688640K, 0% used [0x0000000795580000,0x0000000795580000,0x00000007bf600000)
  from space 4096K, 4% used [0x00000007bfb00000,0x00000007bfb2e090,0x00000007bff00000)
  to   space 4608K, 0% used [0x00000007bf600000,0x00000007bf600000,0x00000007bfa80000)
 ParOldGen       total 87552K, used 29539K [0x0000000740000000, 0x0000000745580000, 0x0000000795580000)
  object space 87552K, 33% used [0x0000000740000000,0x0000000741cd8ce0,0x0000000745580000)
 Metaspace       used 16126K, capacity 16886K, committed 17024K, reserved 1064960K
  class space    used 2101K, capacity 2319K, committed 2432K, reserved 1048576K
}
Event: 23.195 GC heap before
{Heap before GC invocations=41 (full 0):
 PSYoungGen      total 692736K, used 688824K [0x0000000795580000, 0x00000007bff00000, 0x00000007c0000000)
  eden space 688640K, 100% used [0x0000000795580000,0x00000007bf600000,0x00000007bf600000)
  from space 4096K, 4% used [0x00000007bfb00000,0x00000007bfb2e090,0x00000007bff00000)
  to   space 4608K, 0% used [0x00000007bf600000,0x00000007bf600000,0x00000007bfa80000)
 ParOldGen       total 87552K, used 29636K [0x0000000740000000, 0x0000000745580000, 0x0000000795580000)
  object space 87552K, 33% used [0x0000000740000000,0x0000000741cf10b0,0x0000000745580000)
 Metaspace       used 16126K, capacity 16886K, committed 17024K, reserved 1064960K
  class space    used 2101K, capacity 2319K, committed 2432K, reserved 1048576K
Event: 23.197 GC heap after
Heap after GC invocations=41 (full 0):
 PSYoungGen      total 693248K, used 224K [0x0000000795580000, 0x00000007c0000000, 0x00000007c0000000)
  eden space 688640K, 0% used [0x0000000795580000,0x0000000795580000,0x00000007bf600000)
  from space 4608K, 4% used [0x00000007bf600000,0x00000007bf638000,0x00000007bfa80000)
  to   space 4608K, 0% used [0x00000007bfb80000,0x00000007bfb80000,0x00000007c0000000)
 ParOldGen       total 87552K, used 29701K [0x0000000740000000, 0x0000000745580000, 0x0000000795580000)
  object space 87552K, 33% used [0x0000000740000000,0x0000000741d01550,0x0000000745580000)
 Metaspace       used 16126K, capacity 16886K, committed 17024K, reserved 1064960K
  class space    used 2101K, capacity 2319K, committed 2432K, reserved 1048576K
}
Event: 23.356 GC heap before
{Heap before GC invocations=42 (full 0):
 PSYoungGen      total 693248K, used 688864K [0x0000000795580000, 0x00000007c0000000, 0x00000007c0000000)
  eden space 688640K, 100% used [0x0000000795580000,0x00000007bf600000,0x00000007bf600000)
  from space 4608K, 4% used [0x00000007bf600000,0x00000007bf638000,0x00000007bfa80000)
  to   space 4608K, 0% used [0x00000007bfb80000,0x00000007bfb80000,0x00000007c0000000)
 ParOldGen       total 87552K, used 29701K [0x0000000740000000, 0x0000000745580000, 0x0000000795580000)
  object space 87552K, 33% used [0x0000000740000000,0x0000000741d01550,0x0000000745580000)
 Metaspace       used 16127K, capacity 16886K, committed 17024K, reserved 1064960K
  class space    used 2101K, capacity 2319K, committed 2432K, reserved 1048576K
Event: 23.357 GC heap after
Heap after GC invocations=42 (full 0):
 PSYoungGen      total 693248K, used 224K [0x0000000795580000, 0x00000007bff00000, 0x00000007c0000000)
  eden space 689664K, 0% used [0x0000000795580000,0x0000000795580000,0x00000007bf700000)
  from space 3584K, 6% used [0x00000007bfb80000,0x00000007bfbb8000,0x00000007bff00000)
  to   space 4096K, 0% used [0x00000007bf700000,0x00000007bf700000,0x00000007bfb00000)
 ParOldGen       total 87552K, used 29733K [0x0000000740000000, 0x0000000745580000, 0x0000000795580000)
  object space 87552K, 33% used [0x0000000740000000,0x0000000741d09550,0x0000000745580000)
 Metaspace       used 16127K, capacity 16886K, committed 17024K, reserved 1064960K
  class space    used 2101K, capacity 2319K, committed 2432K, reserved 1048576K
}
Event: 23.592 GC heap before
{Heap before GC invocations=43 (full 0):
 PSYoungGen      total 693248K, used 689888K [0x0000000795580000, 0x00000007bff00000, 0x00000007c0000000)
  eden space 689664K, 100% used [0x0000000795580000,0x00000007bf700000,0x00000007bf700000)
  from space 3584K, 6% used [0x00000007bfb80000,0x00000007bfbb8000,0x00000007bff00000)
  to   space 4096K, 0% used [0x00000007bf700000,0x00000007bf700000,0x00000007bfb00000)
 ParOldGen       total 87552K, used 29733K [0x0000000740000000, 0x0000000745580000, 0x0000000795580000)
  object space 87552K, 33% used [0x0000000740000000,0x0000000741d09550,0x0000000745580000)
 Metaspace       used 16127K, capacity 16886K, committed 17024K, reserved 1064960K
  class space    used 2101K, capacity 2319K, committed 2432K, reserved 1048576K
Event: 23.593 GC heap after
Heap after GC invocations=43 (full 0):
 PSYoungGen      total 693760K, used 256K [0x0000000795580000, 0x00000007c0000000, 0x00000007c0000000)
  eden space 689664K, 0% used [0x0000000795580000,0x0000000795580000,0x00000007bf700000)
  from space 4096K, 6% used [0x00000007bf700000,0x00000007bf740000,0x00000007bfb00000)
  to   space 4096K, 0% used [0x00000007bfc00000,0x00000007bfc00000,0x00000007c0000000)
 ParOldGen       total 87552K, used 29773K [0x0000000740000000, 0x0000000745580000, 0x0000000795580000)
  object space 87552K, 34% used [0x0000000740000000,0x0000000741d13550,0x0000000745580000)
 Metaspace       used 16127K, capacity 16886K, committed 17024K, reserved 1064960K
  class space    used 2101K, capacity 2319K, committed 2432K, reserved 1048576K
}
Event: 23.867 GC heap before
{Heap before GC invocations=44 (full 0):
 PSYoungGen      total 693760K, used 689920K [0x0000000795580000, 0x00000007c0000000, 0x00000007c0000000)
  eden space 689664K, 100% used [0x0000000795580000,0x00000007bf700000,0x00000007bf700000)
  from space 4096K, 6% used [0x00000007bf700000,0x00000007bf740000,0x00000007bfb00000)
  to   space 4096K, 0% used [0x00000007bfc00000,0x00000007bfc00000,0x00000007c0000000)
 ParOldGen       total 87552K, used 29773K [0x0000000740000000, 0x0000000745580000, 0x0000000795580000)
  object space 87552K, 34% used [0x0000000740000000,0x0000000741d13720,0x0000000745580000)
 Metaspace       used 16127K, capacity 16886K, committed 17024K, reserved 1064960K
  class space    used 2101K, capacity 2319K, committed 2432K, reserved 1048576K
Event: 23.869 GC heap after
Heap after GC invocations=44 (full 0):
 PSYoungGen      total 693760K, used 288K [0x0000000795580000, 0x00000007bff00000, 0x00000007c0000000)
  eden space 690688K, 0% used [0x0000000795580000,0x0000000795580000,0x00000007bf800000)
  from space 3072K, 9% used [0x00000007bfc00000,0x00000007bfc48000,0x00000007bff00000)
  to   space 3584K, 0% used [0x00000007bf800000,0x00000007bf800000,0x00000007bfb80000)
 ParOldGen       total 87552K, used 29821K [0x0000000740000000, 0x0000000745580000, 0x0000000795580000)
  object space 87552K, 34% used [0x0000000740000000,0x0000000741d1f720,0x0000000745580000)
 Metaspace       used 16127K, capacity 16886K, committed 17024K, reserved 1064960K
  class space    used 2101K, capacity 2319K, committed 2432K, reserved 1048576K
}

