# JRE version: Java(TM) SE Runtime Environment (8.0_144-b01) (build 1.8.0_144-b01)
# Java VM: Java HotSpot(TM) 64-Bit Server VM (25.144-b01 mixed mode bsd-amd64 compressed oops)
Heap:
 PSYoungGen      total 26112K, used 22695K [0x0000000795580000, 0x0000000797280000, 0x00000007c0000000)
  eden space 23552K, 94% used [0x0000000795580000,0x0000000796b3bdb0,0x0000000796c80000)
  from space 2560K, 17% used [0x0000000797000000,0x000000079706e090,0x0000000797280000)
  to   space 3072K, 0% used [0x0000000796c80000,0x0000000796c80000,0x0000000796f80000)
 ParOldGen       total 87552K, used 23603K [0x0000000740000000, 0x0000000745580000, 0x0000000795580000)
  object space 87552K, 26% used [0x0000000740000000,0x000000074170cd40,0x0000000745580000)
 Metaspace       used 16418K, capacity 17230K, committed 17536K, reserved 1064960K
  class space    used 2156K, capacity 2377K, committed 2432K, reserved 1048576K
GC Heap History (10 events):
Event: 28.894 GC heap before
{Heap before GC invocations=38 (full 0):
 PSYoungGen      total 24576K, used 24512K [0x0000000795580000, 0x0000000797300000, 0x00000007c0000000)
  eden space 24064K, 100% used [0x0000000795580000,0x0000000796d00000,0x0000000796d00000)
  from space 512K, 87% used [0x0000000796d00000,0x0000000796d70000,0x0000000796d80000)
  to   space 3072K, 0% used [0x0000000797000000,0x0000000797000000,0x0000000797300000)
 ParOldGen       total 87552K, used 17542K [0x0000000740000000, 0x0000000745580000, 0x0000000795580000)
  object space 87552K, 20% used [0x0000000740000000,0x0000000741121b90,0x0000000745580000)
 Metaspace       used 15154K, capacity 15782K, committed 16000K, reserved 1062912K
  class space    used 1938K, capacity 2117K, committed 2176K, reserved 1048576K
Event: 28.896 GC heap after
Heap after GC invocations=38 (full 0):
 PSYoungGen      total 27136K, used 512K [0x0000000795580000, 0x0000000797300000, 0x00000007c0000000)
  eden space 24064K, 0% used [0x0000000795580000,0x0000000795580000,0x0000000796d00000)
  from space 3072K, 16% used [0x0000000797000000,0x0000000797080000,0x0000000797300000)
  to   space 3072K, 0% used [0x0000000796d00000,0x0000000796d00000,0x0000000797000000)
 ParOldGen       total 87552K, used 17657K [0x0000000740000000, 0x0000000745580000, 0x0000000795580000)
  object space 87552K, 20% used [0x0000000740000000,0x000000074113e7c0,0x0000000745580000)
 Metaspace       used 15154K, capacity 15782K, committed 16000K, reserved 1062912K
  class space    used 1938K, capacity 2117K, committed 2176K, reserved 1048576K
}
Event: 29.611 GC heap before
{Heap before GC invocations=39 (full 0):
 PSYoungGen      total 27136K, used 24576K [0x0000000795580000, 0x0000000797300000, 0x00000007c0000000)
  eden space 24064K, 100% used [0x0000000795580000,0x0000000796d00000,0x0000000796d00000)
  from space 3072K, 16% used [0x0000000797000000,0x0000000797080000,0x0000000797300000)
  to   space 3072K, 0% used [0x0000000796d00000,0x0000000796d00000,0x0000000797000000)
 ParOldGen       total 87552K, used 17657K [0x0000000740000000, 0x0000000745580000, 0x0000000795580000)
  object space 87552K, 20% used [0x0000000740000000,0x000000074113e7c0,0x0000000745580000)
 Metaspace       used 15155K, capacity 15782K, committed 16000K, reserved 1062912K
  class space    used 1938K, capacity 2117K, committed 2176K, reserved 1048576K
Event: 29.614 GC heap after
Heap after GC invocations=39 (full 0):
 PSYoungGen      total 27136K, used 544K [0x0000000795580000, 0x0000000797300000, 0x00000007c0000000)
  eden space 24064K, 0% used [0x0000000795580000,0x0000000795580000,0x0000000796d00000)
  from space 3072K, 17% used [0x0000000796d00000,0x0000000796d88000,0x0000000797000000)
  to   space 3072K, 0% used [0x0000000797000000,0x0000000797000000,0x0000000797300000)
 ParOldGen       total 87552K, used 17777K [0x0000000740000000, 0x0000000745580000, 0x0000000795580000)
  object space 87552K, 20% used [0x0000000740000000,0x000000074115c7c0,0x0000000745580000)
 Metaspace       used 15155K, capacity 15782K, committed 16000K, reserved 1062912K
  class space    used 1938K, capacity 2117K, committed 2176K, reserved 1048576K
}
Event: 30.303 GC heap before
{Heap before GC invocations=40 (full 0):
 PSYoungGen      total 27136K, used 24608K [0x0000000795580000, 0x0000000797300000, 0x00000007c0000000)
  eden space 24064K, 100% used [0x0000000795580000,0x0000000796d00000,0x0000000796d00000)
  from space 3072K, 17% used [0x0000000796d00000,0x0000000796d88000,0x0000000797000000)
  to   space 3072K, 0% used [0x0000000797000000,0x0000000797000000,0x0000000797300000)
 ParOldGen       total 87552K, used 17777K [0x0000000740000000, 0x0000000745580000, 0x0000000795580000)
  object space 87552K, 20% used [0x0000000740000000,0x000000074115c7c0,0x0000000745580000)
 Metaspace       used 16200K, capacity 16900K, committed 17280K, reserved 1064960K
  class space    used 2126K, capacity 2338K, committed 2432K, reserved 1048576K
Event: 30.308 GC heap after
Heap after GC invocations=40 (full 0):
 PSYoungGen      total 26624K, used 2968K [0x0000000795580000, 0x0000000797400000, 0x00000007c0000000)
  eden space 23552K, 0% used [0x0000000795580000,0x0000000795580000,0x0000000796c80000)
  from space 3072K, 96% used [0x0000000797000000,0x00000007972e62e0,0x0000000797300000)
  to   space 3584K, 0% used [0x0000000796c80000,0x0000000796c80000,0x0000000797000000)
 ParOldGen       total 87552K, used 18929K [0x0000000740000000, 0x0000000745580000, 0x0000000795580000)
  object space 87552K, 21% used [0x0000000740000000,0x000000074127c7d0,0x0000000745580000)
 Metaspace       used 16200K, capacity 16900K, committed 17280K, reserved 1064960K
  class space    used 2126K, capacity 2338K, committed 2432K, reserved 1048576K
}
Event: 30.832 GC heap before
{Heap before GC invocations=41 (full 0):
 PSYoungGen      total 26624K, used 26520K [0x0000000795580000, 0x0000000797400000, 0x00000007c0000000)
  eden space 23552K, 100% used [0x0000000795580000,0x0000000796c80000,0x0000000796c80000)
  from space 3072K, 96% used [0x0000000797000000,0x00000007972e62e0,0x0000000797300000)
  to   space 3584K, 0% used [0x0000000796c80000,0x0000000796c80000,0x0000000797000000)
 ParOldGen       total 87552K, used 18929K [0x0000000740000000, 0x0000000745580000, 0x0000000795580000)
  object space 87552K, 21% used [0x0000000740000000,0x000000074127c7d0,0x0000000745580000)
 Metaspace       used 16201K, capacity 16900K, committed 17280K, reserved 1064960K
  class space    used 2126K, capacity 2338K, committed 2432K, reserved 1048576K
Event: 30.837 GC heap after
Heap after GC invocations=41 (full 0):
 PSYoungGen      total 27136K, used 408K [0x0000000795580000, 0x0000000797380000, 0x00000007c0000000)
  eden space 23552K, 0% used [0x0000000795580000,0x0000000795580000,0x0000000796c80000)
  from space 3584K, 11% used [0x0000000796c80000,0x0000000796ce6090,0x0000000797000000)
  to   space 3584K, 0% used [0x0000000797000000,0x0000000797000000,0x0000000797380000)
 ParOldGen       total 87552K, used 23515K [0x0000000740000000, 0x0000000745580000, 0x0000000795580000)
  object space 87552K, 26% used [0x0000000740000000,0x00000007416f6d70,0x0000000745580000)
 Metaspace       used 16201K, capacity 16900K, committed 17280K, reserved 1064960K
  class space    used 2126K, capacity 2338K, committed 2432K, reserved 1048576K
}
Event: 31.497 GC heap before
{Heap before GC invocations=42 (full 0):
 PSYoungGen      total 27136K, used 23960K [0x0000000795580000, 0x0000000797380000, 0x00000007c0000000)
  eden space 23552K, 100% used [0x0000000795580000,0x0000000796c80000,0x0000000796c80000)
  from space 3584K, 11% used [0x0000000796c80000,0x0000000796ce6090,0x0000000797000000)
  to   space 3584K, 0% used [0x0000000797000000,0x0000000797000000,0x0000000797380000)
 ParOldGen       total 87552K, used 23523K [0x0000000740000000, 0x0000000745580000, 0x0000000795580000)
  object space 87552K, 26% used [0x0000000740000000,0x00000007416f8d80,0x0000000745580000)
 Metaspace       used 16222K, capacity 16904K, committed 17280K, reserved 1064960K
  class space    used 2126K, capacity 2338K, committed 2432K, reserved 1048576K
Event: 31.499 GC heap after
Heap after GC invocations=42 (full 0):
 PSYoungGen      total 26112K, used 440K [0x0000000795580000, 0x0000000797280000, 0x00000007c0000000)
  eden space 23552K, 0% used [0x0000000795580000,0x0000000795580000,0x0000000796c80000)
  from space 2560K, 17% used [0x0000000797000000,0x000000079706e090,0x0000000797280000)
  to   space 3072K, 0% used [0x0000000796c80000,0x0000000796c80000,0x0000000796f80000)
 ParOldGen       total 87552K, used 23603K [0x0000000740000000, 0x0000000745580000, 0x0000000795580000)
  object space 87552K, 26% used [0x0000000740000000,0x000000074170cd40,0x0000000745580000)
 Metaspace       used 16222K, capacity 16904K, committed 17280K, reserved 1064960K
  class space    used 2126K, capacity 2338K, committed 2432K, reserved 1048576K
}

